[04:50:25.143] [INFO] [36mInitializing Storybook[39m
[04:50:25.152] [DEBUG] Getting package.json info for /Users/rriojas/royws/mobx-form/package.json...
[04:50:25.153] [DEBUG] Getting CLI versions from NPM for storybook...
[04:50:25.153] [DEBUG] Executing command: npm info storybook version
[04:50:25.159] [INFO] Adding Storybook version 10.2.8 to your project
[04:50:25.160] [DEBUG] Project type detected: react
[04:50:25.160] [DEBUG] Using cached package.json for /Users/rriojas/royws/mobx-form/package.json...
[04:50:25.162] [DEBUG] Using cached package.json for /Users/rriojas/royws/mobx-form/package.json...
[04:50:56.478] [PROMPT] We were not able to detect the right builder for your project. Please select one: {"choice":"vite"}
[04:50:56.478] [INFO] Framework detected: react-vite
[04:50:56.479] [DEBUG] Getting installed version for vitest...
[04:50:56.479] [DEBUG] Executing command: npm ls --json --depth=99
[04:50:56.482] [DEBUG] Executing command: npm ls --json --depth=0
[04:50:56.483] [DEBUG] An issue occurred while trying to find dependencies metadata using npm: ExecaError: Command failed with ENOENT: npm ls --json '--depth=0'
Executable not found in $PATH: "npm"
[04:50:56.483] [DEBUG] No installations found for vitest
[04:50:56.483] [DEBUG] Getting installed version for msw...
[04:50:56.483] [DEBUG] Executing command: npm ls --json --depth=99
[04:50:56.484] [DEBUG] Executing command: npm ls --json --depth=0
[04:50:56.485] [DEBUG] An issue occurred while trying to find dependencies metadata using npm: ExecaError: Command failed with ENOENT: npm ls --json '--depth=0'
Executable not found in $PATH: "npm"
[04:50:56.485] [DEBUG] No installations found for msw
[04:51:16.907] [PROMPT] New to Storybook? {"choice":false}
[04:51:16.908] [INFO] Storybook collects completely anonymous usage telemetry. We use it to shape Storybook's roadmap and prioritize features. You can learn more, including how to opt out, at https://storybook.js.org/telemetry
[04:57:20.543] [PROMPT] What configuration should we install? {"choice":"recommended"}
[04:57:21.050] [INFO] base-generator-task-start: Generating Storybook configuration
[04:57:21.051] [DEBUG] Using cached package.json for /Users/rriojas/royws/mobx-form/package.json...
[04:57:21.051] [DEBUG] Using cached package.json for /Users/rriojas/royws/mobx-form/package.json...
[04:57:21.051] [DEBUG] Using cached package.json for /Users/rriojas/royws/mobx-form/package.json...
[04:57:21.052] [INFO] base-generator-task: - Configuring ESLint plugin
[04:57:21.053] [DEBUG] Detected flat config at /Users/rriojas/royws/mobx-form/eslint.config.js
[04:57:21.085] [DEBUG] Getting CLI versions from NPM for storybook...
[04:57:21.085] [DEBUG] Executing command: npm info storybook version
[04:57:21.096] [DEBUG] Getting CLI versions from NPM for @storybook/react-vite...
[04:57:21.096] [DEBUG] Executing command: npm info @storybook/react-vite version
[04:57:21.097] [DEBUG] Getting CLI versions from NPM for @chromatic-com/storybook...
[04:57:21.097] [DEBUG] Executing command: npm info @chromatic-com/storybook version
[04:57:21.097] [DEBUG] Getting CLI versions from NPM for @storybook/addon-vitest...
[04:57:21.097] [DEBUG] Executing command: npm info @storybook/addon-vitest version
[04:57:21.098] [DEBUG] Getting CLI versions from NPM for @storybook/addon-a11y...
[04:57:21.098] [DEBUG] Executing command: npm info @storybook/addon-a11y version
[04:57:21.098] [DEBUG] Getting CLI versions from NPM for @storybook/addon-docs...
[04:57:21.098] [DEBUG] Executing command: npm info @storybook/addon-docs version
[04:57:21.099] [DEBUG] Getting CLI versions from NPM for eslint-plugin-storybook...
[04:57:21.099] [DEBUG] Executing command: npm info eslint-plugin-storybook version
[04:57:21.104] [INFO] base-generator-task: - Configuring main.ts
[04:57:21.105] [INFO] base-generator-task: - Configuring preview.ts
[04:57:21.106] [INFO] base-generator-task: - Adding Storybook command to
package.json
[04:57:21.106] [DEBUG] Getting package.json info for /Users/rriojas/royws/mobx-form/package.json...
[04:57:21.106] [DEBUG] Using cached package.json for /Users/rriojas/royws/mobx-form/package.json...
[04:57:21.106] [DEBUG] Using cached package.json for /Users/rriojas/royws/mobx-form/package.json...
[04:57:21.106] [INFO] base-generator-task: - Copying framework templates
[04:57:22.755] [INFO] base-generator-task-success: Storybook configuration generated
[04:57:22.755] [DEBUG] Using cached package.json for /Users/rriojas/royws/mobx-form/package.json...
[04:57:22.755] [DEBUG] Using cached installed version for vitest...
[04:57:22.755] [DEBUG] Getting installed version for @vitest/coverage-v8...
[04:57:22.755] [DEBUG] Executing command: npm ls --json --depth=99
[04:57:22.757] [DEBUG] Executing command: npm ls --json --depth=0
[04:57:22.757] [DEBUG] An issue occurred while trying to find dependencies metadata using npm: ExecaError: Command failed with ENOENT: npm ls --json '--depth=0'
Executable not found in $PATH: "npm"
[04:57:22.757] [DEBUG] No installations found for @vitest/coverage-v8
[04:57:22.757] [DEBUG] Getting installed version for @vitest/coverage-istanbul...
[04:57:22.757] [DEBUG] Executing command: npm ls --json --depth=99
[04:57:22.757] [DEBUG] Executing command: npm ls --json --depth=0
[04:57:22.758] [DEBUG] An issue occurred while trying to find dependencies metadata using npm: ExecaError: Command failed with ENOENT: npm ls --json '--depth=0'
Executable not found in $PATH: "npm"
[04:57:22.758] [DEBUG] No installations found for @vitest/coverage-istanbul
[04:57:22.758] [INFO] adding-dependencies-task-start: Adding dependencies to package.json
[04:57:22.758] [INFO] adding-dependencies-task: Adding devDependencies:
- storybook@10.2.8
- @storybook/react-vite@10.2.8
- @chromatic-com/storybook@^null
- @storybook/addon-vitest@10.2.8
- @storybook/addon-a11y@10.2.8
- @storybook/addon-docs@10.2.8
- eslint-plugin-storybook@10.2.8
- vitest
- playwright
- @vitest/browser-playwright
- @vitest/coverage-v8
[04:57:22.759] [DEBUG] Using cached package.json for /Users/rriojas/royws/mobx-form/package.json...
[04:57:22.759] [DEBUG] Getting CLI versions from NPM for storybook...
[04:57:22.759] [DEBUG] Executing command: npm info storybook version
[04:57:22.760] [WARN] 
     [33mError: No version found for storybook[39m
[04:57:22.760] [DEBUG] Getting CLI versions from NPM for @storybook/react-vite...
[04:57:22.760] [DEBUG] Executing command: npm info @storybook/react-vite version
[04:57:22.761] [WARN] 
     [33mError: No version found for @storybook/react-vite[39m
[04:57:22.761] [DEBUG] Getting CLI versions from NPM for @chromatic-com/storybook...
[04:57:22.761] [DEBUG] Executing command: npm info @chromatic-com/storybook version
[04:57:22.762] [ERROR] 
     [31mError: No version found for @chromatic-com/storybook[39m